E:\GIT\IMAGE-CROPPER-FOR-COMPUTER-VISION\COMMONFUNCTION\DEBUG\.NETFRAMEWORK,VERSION=V4.0.ASSEMBLYATTRIBUTES.OBJ
E:\GIT\IMAGE-CROPPER-FOR-COMPUTER-VISION\COMMONFUNCTION\DEBUG\APP.RES
E:\GIT\IMAGE-CROPPER-FOR-COMPUTER-VISION\COMMONFUNCTION\DEBUG\ASSEMBLYINFO.OBJ
E:\Git\Image-Cropper-For-Computer-Vision\CommonFunction\Debug\cl.command.1.tlog
E:\Git\Image-Cropper-For-Computer-Vision\CommonFunction\Debug\CL.read.1.tlog
E:\Git\Image-Cropper-For-Computer-Vision\CommonFunction\Debug\CL.write.1.tlog
E:\GIT\IMAGE-CROPPER-FOR-COMPUTER-VISION\COMMONFUNCTION\DEBUG\COMMON.DLL.INTERMEDIATE.MANIFEST
E:\GIT\IMAGE-CROPPER-FOR-COMPUTER-VISION\COMMONFUNCTION\DEBUG\COMMON.OBJ
E:\GIT\IMAGE-CROPPER-FOR-COMPUTER-VISION\COMMONFUNCTION\DEBUG\COMMON.PCH
E:\Git\Image-Cropper-For-Computer-Vision\CommonFunction\Debug\Common.write.1.tlog
E:\GIT\IMAGE-CROPPER-FOR-COMPUTER-VISION\COMMONFUNCTION\DEBUG\COMPLEX.OBJ
E:\Git\Image-Cropper-For-Computer-Vision\CommonFunction\Debug\link.1812.read.1.tlog
E:\Git\Image-Cropper-For-Computer-Vision\CommonFunction\Debug\link.1812.write.1.tlog
E:\Git\Image-Cropper-For-Computer-Vision\CommonFunction\Debug\link.1812-cvtres.read.1.tlog
E:\Git\Image-Cropper-For-Computer-Vision\CommonFunction\Debug\link.1812-cvtres.write.1.tlog
E:\Git\Image-Cropper-For-Computer-Vision\CommonFunction\Debug\link.command.1.tlog
E:\Git\Image-Cropper-For-Computer-Vision\CommonFunction\Debug\link.read.1.tlog
E:\Git\Image-Cropper-For-Computer-Vision\CommonFunction\Debug\link.write.1.tlog
E:\Git\Image-Cropper-For-Computer-Vision\CommonFunction\Debug\metagen.read.1.tlog
E:\Git\Image-Cropper-For-Computer-Vision\CommonFunction\Debug\metagen.write.1.tlog
E:\Git\Image-Cropper-For-Computer-Vision\CommonFunction\Debug\mt.command.1.tlog
E:\Git\Image-Cropper-For-Computer-Vision\CommonFunction\Debug\mt.read.1.tlog
E:\Git\Image-Cropper-For-Computer-Vision\CommonFunction\Debug\mt.write.1.tlog
E:\Git\Image-Cropper-For-Computer-Vision\CommonFunction\Debug\rc.command.1.tlog
E:\Git\Image-Cropper-For-Computer-Vision\CommonFunction\Debug\rc.read.1.tlog
E:\Git\Image-Cropper-For-Computer-Vision\CommonFunction\Debug\rc.write.1.tlog
E:\GIT\IMAGE-CROPPER-FOR-COMPUTER-VISION\COMMONFUNCTION\DEBUG\STDAFX.OBJ
E:\Git\Image-Cropper-For-Computer-Vision\CommonFunction\Debug\TZRES.DLL.bi
E:\GIT\IMAGE-CROPPER-FOR-COMPUTER-VISION\COMMONFUNCTION\DEBUG\VC100.PDB
E:\GIT\IMAGE-CROPPER-FOR-COMPUTER-VISION\DEBUG\COMMON.DLL
E:\GIT\IMAGE-CROPPER-FOR-COMPUTER-VISION\DEBUG\COMMON.ILK
E:\GIT\IMAGE-CROPPER-FOR-COMPUTER-VISION\DEBUG\COMMON.PDB
