e:\projects\aistudio\commonfunction\release\common.pch
e:\projects\aistudio\commonfunction\release\stdafx.obj
e:\projects\aistudio\commonfunction\release\vc100.pdb
e:\projects\aistudio\commonfunction\release\gabor.obj
e:\projects\aistudio\commonfunction\release\fft.obj
e:\projects\aistudio\commonfunction\release\complex.obj
e:\projects\aistudio\commonfunction\release\common.obj
e:\projects\aistudio\commonfunction\release\assemblyinfo.obj
e:\projects\aistudio\commonfunction\release\.netframework,version=v4.0.assemblyattributes.obj
e:\projects\aistudio\release\common.dll
e:\projects\aistudio\commonfunction\release\common.dll.intermediate.manifest
e:\projects\aistudio\release\common.pdb
e:\projects\aistudio\commonfunction\release\app.res
e:\projects\aistudio\commonfunction\release\vc140.pdb
e:\projects\aistudio\commonfunction\release\.netframework,version=v4.0.assemblyattributes.asm
e:\projects\aistudio\commonfunction\release\commonfunction.vcxprojresolveassemblyreference.cache
e:\projects\aistudio\commonfunction\release\cl.command.1.tlog
e:\projects\aistudio\commonfunction\release\cl.read.1.tlog
e:\projects\aistudio\commonfunction\release\cl.write.1.tlog
e:\projects\aistudio\commonfunction\release\common.write.1.tlog
e:\projects\aistudio\commonfunction\release\link-cvtres.read.1.tlog
e:\projects\aistudio\commonfunction\release\link-cvtres.write.1.tlog
e:\projects\aistudio\commonfunction\release\link.command.1.tlog
e:\projects\aistudio\commonfunction\release\link.read.1.tlog
e:\projects\aistudio\commonfunction\release\link.write.1.tlog
e:\projects\aistudio\commonfunction\release\metagen.read.1.tlog
e:\projects\aistudio\commonfunction\release\metagen.write.1.tlog
e:\projects\aistudio\commonfunction\release\mt.command.1.tlog
e:\projects\aistudio\commonfunction\release\mt.read.1.tlog
e:\projects\aistudio\commonfunction\release\mt.write.1.tlog
e:\projects\aistudio\commonfunction\release\rc.command.1.tlog
e:\projects\aistudio\commonfunction\release\rc.read.1.tlog
e:\projects\aistudio\commonfunction\release\rc.write.1.tlog
e:\projects\aistudio\commonfunction\release\tzres.dll.bi
e:\projects\aistudio\commonfunction\release\common.tlog\cl.command.1.tlog
e:\projects\aistudio\commonfunction\release\common.tlog\cl.read.1.tlog
e:\projects\aistudio\commonfunction\release\common.tlog\cl.write.1.tlog
e:\projects\aistudio\commonfunction\release\common.tlog\link-cvtres.read.1.tlog
e:\projects\aistudio\commonfunction\release\common.tlog\link-cvtres.write.1.tlog
e:\projects\aistudio\commonfunction\release\common.tlog\link-mt.read.1.tlog
e:\projects\aistudio\commonfunction\release\common.tlog\link-mt.write.1.tlog
e:\projects\aistudio\commonfunction\release\common.tlog\link-rc.read.1.tlog
e:\projects\aistudio\commonfunction\release\common.tlog\link-rc.write.1.tlog
e:\projects\aistudio\commonfunction\release\common.tlog\link.command.1.tlog
e:\projects\aistudio\commonfunction\release\common.tlog\link.read.1.tlog
e:\projects\aistudio\commonfunction\release\common.tlog\link.write.1.tlog
e:\projects\aistudio\commonfunction\release\common.tlog\metagen.read.1.tlog
e:\projects\aistudio\commonfunction\release\common.tlog\metagen.write.1.tlog
e:\projects\aistudio\commonfunction\release\common.tlog\rc.command.1.tlog
e:\projects\aistudio\commonfunction\release\common.tlog\rc.read.1.tlog
e:\projects\aistudio\commonfunction\release\common.tlog\rc.write.1.tlog
e:\projects\aistudio\commonfunction\release\common.tlog\tzres.dll.bi
