E:\PROJECTS\AISTUDIO\DIRECTX\DIRECTX\RELEASE\.NETFRAMEWORK,VERSION=V4.0.ASSEMBLYATTRIBUTES.OBJ
E:\PROJECTS\AISTUDIO\DIRECTX\DIRECTX\RELEASE\ASSEMBLYINFO.OBJ
E:\PROJECTS\AISTUDIO\DIRECTX\DIRECTX\RELEASE\AUTOIUNKNOWN.OBJ
E:\PROJECTS\AISTUDIO\DIRECTX\DIRECTX\RELEASE\AUTOPOINTER.OBJ
E:\Projects\AIStudio\DirectX\DirectX\Release\cl.command.1.tlog
E:\Projects\AIStudio\DirectX\DirectX\Release\CL.read.1.tlog
E:\Projects\AIStudio\DirectX\DirectX\Release\CL.write.1.tlog
E:\PROJECTS\AISTUDIO\DIRECTX\DIRECTX\RELEASE\COMMONUTILS.OBJ
E:\PROJECTS\AISTUDIO\DIRECTX\DIRECTX\RELEASE\CONVERT.OBJ
E:\PROJECTS\AISTUDIO\DIRECTX\DIRECTX\RELEASE\D2DCUSTOM.OBJ
E:\PROJECTS\AISTUDIO\DIRECTX\DIRECTX\RELEASE\D2DGEOMETRYSINK.OBJ
E:\PROJECTS\AISTUDIO\DIRECTX\DIRECTX\RELEASE\D2DINTERFACES.OBJ
E:\PROJECTS\AISTUDIO\DIRECTX\DIRECTX\RELEASE\D2DSTRUCTS.OBJ
E:\PROJECTS\AISTUDIO\DIRECTX\DIRECTX\RELEASE\D2DTESSELLATIONSINK.OBJ
E:\PROJECTS\AISTUDIO\DIRECTX\DIRECTX\RELEASE\D3D10ASYNCHRONOUS.OBJ
E:\PROJECTS\AISTUDIO\DIRECTX\DIRECTX\RELEASE\D3D10BLENDSTATE.OBJ
E:\PROJECTS\AISTUDIO\DIRECTX\DIRECTX\RELEASE\D3D10BLENDSTATE1.OBJ
E:\PROJECTS\AISTUDIO\DIRECTX\DIRECTX\RELEASE\D3D10BLOB.OBJ
E:\PROJECTS\AISTUDIO\DIRECTX\DIRECTX\RELEASE\D3D10BUFFER.OBJ
E:\PROJECTS\AISTUDIO\DIRECTX\DIRECTX\RELEASE\D3D10COUNTER.OBJ
E:\PROJECTS\AISTUDIO\DIRECTX\DIRECTX\RELEASE\D3D10DEBUG.OBJ
E:\PROJECTS\AISTUDIO\DIRECTX\DIRECTX\RELEASE\D3D10DEPTHSTENCILSTATE.OBJ
E:\PROJECTS\AISTUDIO\DIRECTX\DIRECTX\RELEASE\D3D10DEPTHSTENCILVIEW.OBJ
E:\PROJECTS\AISTUDIO\DIRECTX\DIRECTX\RELEASE\D3D10DEVICE.OBJ
E:\PROJECTS\AISTUDIO\DIRECTX\DIRECTX\RELEASE\D3D10DEVICE1.OBJ
E:\PROJECTS\AISTUDIO\DIRECTX\DIRECTX\RELEASE\D3D10DEVICECHILD.OBJ
E:\PROJECTS\AISTUDIO\DIRECTX\DIRECTX\RELEASE\D3D10EFFECT.OBJ
E:\PROJECTS\AISTUDIO\DIRECTX\DIRECTX\RELEASE\D3D10EFFECTBLENDVARIABLE.OBJ
E:\PROJECTS\AISTUDIO\DIRECTX\DIRECTX\RELEASE\D3D10EFFECTCONSTANTBUFFER.OBJ
E:\PROJECTS\AISTUDIO\DIRECTX\DIRECTX\RELEASE\D3D10EFFECTDEPTHSTENCILVARIABLE.OBJ
E:\PROJECTS\AISTUDIO\DIRECTX\DIRECTX\RELEASE\D3D10EFFECTDEPTHSTENCILVIEWVARIABLE.OBJ
E:\PROJECTS\AISTUDIO\DIRECTX\DIRECTX\RELEASE\D3D10EFFECTMATRIXVARIABLE.OBJ
E:\PROJECTS\AISTUDIO\DIRECTX\DIRECTX\RELEASE\D3D10EFFECTPASS.OBJ
E:\PROJECTS\AISTUDIO\DIRECTX\DIRECTX\RELEASE\D3D10EFFECTPOOL.OBJ
E:\PROJECTS\AISTUDIO\DIRECTX\DIRECTX\RELEASE\D3D10EFFECTRASTERIZERVARIABLE.OBJ
E:\PROJECTS\AISTUDIO\DIRECTX\DIRECTX\RELEASE\D3D10EFFECTRENDERTARGETVIEWVARIABLE.OBJ
E:\PROJECTS\AISTUDIO\DIRECTX\DIRECTX\RELEASE\D3D10EFFECTSAMPLERVARIABLE.OBJ
E:\PROJECTS\AISTUDIO\DIRECTX\DIRECTX\RELEASE\D3D10EFFECTSCALARVARIABLE.OBJ
E:\PROJECTS\AISTUDIO\DIRECTX\DIRECTX\RELEASE\D3D10EFFECTSHADERRESOURCEVARIABLE.OBJ
E:\PROJECTS\AISTUDIO\DIRECTX\DIRECTX\RELEASE\D3D10EFFECTSHADERVARIABLE.OBJ
E:\PROJECTS\AISTUDIO\DIRECTX\DIRECTX\RELEASE\D3D10EFFECTSTRINGVARIABLE.OBJ
E:\PROJECTS\AISTUDIO\DIRECTX\DIRECTX\RELEASE\D3D10EFFECTTECHNIQUE.OBJ
E:\PROJECTS\AISTUDIO\DIRECTX\DIRECTX\RELEASE\D3D10EFFECTTYPE.OBJ
E:\PROJECTS\AISTUDIO\DIRECTX\DIRECTX\RELEASE\D3D10EFFECTVARIABLE.OBJ
E:\PROJECTS\AISTUDIO\DIRECTX\DIRECTX\RELEASE\D3D10EFFECTVECTORVARIABLE.OBJ
E:\PROJECTS\AISTUDIO\DIRECTX\DIRECTX\RELEASE\D3D10GEOMETRYSHADER.OBJ
E:\PROJECTS\AISTUDIO\DIRECTX\DIRECTX\RELEASE\D3D10GEOMETRYSHADERPIPELINESTAGE.OBJ
E:\PROJECTS\AISTUDIO\DIRECTX\DIRECTX\RELEASE\D3D10INCLUDE.OBJ
E:\PROJECTS\AISTUDIO\DIRECTX\DIRECTX\RELEASE\D3D10INFOQUEUE.OBJ
E:\PROJECTS\AISTUDIO\DIRECTX\DIRECTX\RELEASE\D3D10INPUTASSEMBLERPIPELINESTAGE.OBJ
E:\PROJECTS\AISTUDIO\DIRECTX\DIRECTX\RELEASE\D3D10INPUTLAYOUT.OBJ
E:\PROJECTS\AISTUDIO\DIRECTX\DIRECTX\RELEASE\D3D10MULTITHREAD.OBJ
E:\PROJECTS\AISTUDIO\DIRECTX\DIRECTX\RELEASE\D3D10OUTPUTMERGERPIPELINESTAGE.OBJ
E:\PROJECTS\AISTUDIO\DIRECTX\DIRECTX\RELEASE\D3D10PIPELINESTAGE.OBJ
E:\PROJECTS\AISTUDIO\DIRECTX\DIRECTX\RELEASE\D3D10PIXELSHADER.OBJ
E:\PROJECTS\AISTUDIO\DIRECTX\DIRECTX\RELEASE\D3D10PIXELSHADERPIPELINESTAGE.OBJ
E:\PROJECTS\AISTUDIO\DIRECTX\DIRECTX\RELEASE\D3D10PREDICATE.OBJ
E:\PROJECTS\AISTUDIO\DIRECTX\DIRECTX\RELEASE\D3D10QUERY.OBJ
E:\PROJECTS\AISTUDIO\DIRECTX\DIRECTX\RELEASE\D3D10RASTERIZERPIPELINESTAGE.OBJ
E:\PROJECTS\AISTUDIO\DIRECTX\DIRECTX\RELEASE\D3D10RASTERIZERSTATE.OBJ
E:\PROJECTS\AISTUDIO\DIRECTX\DIRECTX\RELEASE\D3D10RENDERTARGETVIEW.OBJ
E:\PROJECTS\AISTUDIO\DIRECTX\DIRECTX\RELEASE\D3D10RESOURCE.OBJ
E:\PROJECTS\AISTUDIO\DIRECTX\DIRECTX\RELEASE\D3D10SAMPLERSTATE.OBJ
E:\PROJECTS\AISTUDIO\DIRECTX\DIRECTX\RELEASE\D3D10SHADERREFLECTION.OBJ
E:\PROJECTS\AISTUDIO\DIRECTX\DIRECTX\RELEASE\D3D10SHADERREFLECTION1.OBJ
E:\PROJECTS\AISTUDIO\DIRECTX\DIRECTX\RELEASE\D3D10SHADERREFLECTIONCONSTANTBUFFER.OBJ
E:\PROJECTS\AISTUDIO\DIRECTX\DIRECTX\RELEASE\D3D10SHADERREFLECTIONTYPE.OBJ
E:\PROJECTS\AISTUDIO\DIRECTX\DIRECTX\RELEASE\D3D10SHADERREFLECTIONVARIABLE.OBJ
E:\PROJECTS\AISTUDIO\DIRECTX\DIRECTX\RELEASE\D3D10SHADERRESOURCEVIEW.OBJ
E:\PROJECTS\AISTUDIO\DIRECTX\DIRECTX\RELEASE\D3D10SHADERRESOURCEVIEW1.OBJ
E:\PROJECTS\AISTUDIO\DIRECTX\DIRECTX\RELEASE\D3D10STATEBLOCK.OBJ
E:\PROJECTS\AISTUDIO\DIRECTX\DIRECTX\RELEASE\D3D10STATEBLOCKMASK.OBJ
E:\PROJECTS\AISTUDIO\DIRECTX\DIRECTX\RELEASE\D3D10STREAMOUTPUTPIPELINESTAGE.OBJ
E:\PROJECTS\AISTUDIO\DIRECTX\DIRECTX\RELEASE\D3D10STRUCTS.OBJ
E:\PROJECTS\AISTUDIO\DIRECTX\DIRECTX\RELEASE\D3D10SWITCHTOREF.OBJ
E:\PROJECTS\AISTUDIO\DIRECTX\DIRECTX\RELEASE\D3D10TEXTURE1D.OBJ
E:\PROJECTS\AISTUDIO\DIRECTX\DIRECTX\RELEASE\D3D10TEXTURE2D.OBJ
E:\PROJECTS\AISTUDIO\DIRECTX\DIRECTX\RELEASE\D3D10TEXTURE3D.OBJ
E:\PROJECTS\AISTUDIO\DIRECTX\DIRECTX\RELEASE\D3D10VERTEXSHADER.OBJ
E:\PROJECTS\AISTUDIO\DIRECTX\DIRECTX\RELEASE\D3D10VERTEXSHADERPIPELINESTAGE.OBJ
E:\PROJECTS\AISTUDIO\DIRECTX\DIRECTX\RELEASE\D3D10VIEW.OBJ
E:\PROJECTS\AISTUDIO\DIRECTX\DIRECTX\RELEASE\D3D11ASYNCHRONOUS.OBJ
E:\PROJECTS\AISTUDIO\DIRECTX\DIRECTX\RELEASE\D3D11BLENDSTATE.OBJ
E:\PROJECTS\AISTUDIO\DIRECTX\DIRECTX\RELEASE\D3D11BUFFER.OBJ
E:\PROJECTS\AISTUDIO\DIRECTX\DIRECTX\RELEASE\D3D11CLASSINSTANCE.OBJ
E:\PROJECTS\AISTUDIO\DIRECTX\DIRECTX\RELEASE\D3D11CLASSLINKAGE.OBJ
E:\PROJECTS\AISTUDIO\DIRECTX\DIRECTX\RELEASE\D3D11COMMANDLIST.OBJ
E:\PROJECTS\AISTUDIO\DIRECTX\DIRECTX\RELEASE\D3D11COMPUTESHADER.OBJ
E:\PROJECTS\AISTUDIO\DIRECTX\DIRECTX\RELEASE\D3D11COMPUTESHADERPIPELINESTAGE.OBJ
E:\PROJECTS\AISTUDIO\DIRECTX\DIRECTX\RELEASE\D3D11COUNTER.OBJ
E:\PROJECTS\AISTUDIO\DIRECTX\DIRECTX\RELEASE\D3D11DEBUG.OBJ
E:\PROJECTS\AISTUDIO\DIRECTX\DIRECTX\RELEASE\D3D11DEPTHSTENCILSTATE.OBJ
E:\PROJECTS\AISTUDIO\DIRECTX\DIRECTX\RELEASE\D3D11DEPTHSTENCILVIEW.OBJ
E:\PROJECTS\AISTUDIO\DIRECTX\DIRECTX\RELEASE\D3D11DEVICE.OBJ
E:\PROJECTS\AISTUDIO\DIRECTX\DIRECTX\RELEASE\D3D11DEVICECHILD.OBJ
E:\PROJECTS\AISTUDIO\DIRECTX\DIRECTX\RELEASE\D3D11DEVICECONTEXT.OBJ
E:\PROJECTS\AISTUDIO\DIRECTX\DIRECTX\RELEASE\D3D11DOMAINSHADER.OBJ
E:\PROJECTS\AISTUDIO\DIRECTX\DIRECTX\RELEASE\D3D11DOMAINSHADERPIPELINESTAGE.OBJ
E:\PROJECTS\AISTUDIO\DIRECTX\DIRECTX\RELEASE\D3D11GEOMETRYSHADER.OBJ
E:\PROJECTS\AISTUDIO\DIRECTX\DIRECTX\RELEASE\D3D11GEOMETRYSHADERPIPELINESTAGE.OBJ
E:\PROJECTS\AISTUDIO\DIRECTX\DIRECTX\RELEASE\D3D11HULLSHADER.OBJ
E:\PROJECTS\AISTUDIO\DIRECTX\DIRECTX\RELEASE\D3D11HULLSHADERPIPELINESTAGE.OBJ
E:\PROJECTS\AISTUDIO\DIRECTX\DIRECTX\RELEASE\D3D11INFOQUEUE.OBJ
E:\PROJECTS\AISTUDIO\DIRECTX\DIRECTX\RELEASE\D3D11INPUTASSEMBLERPIPELINESTAGE.OBJ
E:\PROJECTS\AISTUDIO\DIRECTX\DIRECTX\RELEASE\D3D11INPUTLAYOUT.OBJ
E:\PROJECTS\AISTUDIO\DIRECTX\DIRECTX\RELEASE\D3D11OUTPUTMERGERPIPELINESTAGE.OBJ
E:\PROJECTS\AISTUDIO\DIRECTX\DIRECTX\RELEASE\D3D11PIPELINESTAGE.OBJ
E:\PROJECTS\AISTUDIO\DIRECTX\DIRECTX\RELEASE\D3D11PIXELSHADER.OBJ
E:\PROJECTS\AISTUDIO\DIRECTX\DIRECTX\RELEASE\D3D11PIXELSHADERPIPELINESTAGE.OBJ
E:\PROJECTS\AISTUDIO\DIRECTX\DIRECTX\RELEASE\D3D11PREDICATE.OBJ
E:\PROJECTS\AISTUDIO\DIRECTX\DIRECTX\RELEASE\D3D11QUERY.OBJ
E:\PROJECTS\AISTUDIO\DIRECTX\DIRECTX\RELEASE\D3D11RASTERIZERPIPELINESTAGE.OBJ
E:\PROJECTS\AISTUDIO\DIRECTX\DIRECTX\RELEASE\D3D11RASTERIZERSTATE.OBJ
E:\PROJECTS\AISTUDIO\DIRECTX\DIRECTX\RELEASE\D3D11RENDERTARGETVIEW.OBJ
E:\PROJECTS\AISTUDIO\DIRECTX\DIRECTX\RELEASE\D3D11RESOURCE.OBJ
E:\PROJECTS\AISTUDIO\DIRECTX\DIRECTX\RELEASE\D3D11SAMPLERSTATE.OBJ
E:\PROJECTS\AISTUDIO\DIRECTX\DIRECTX\RELEASE\D3D11SHADERRESOURCEVIEW.OBJ
E:\PROJECTS\AISTUDIO\DIRECTX\DIRECTX\RELEASE\D3D11STREAMOUTPUTPIPELINESTAGE.OBJ
E:\PROJECTS\AISTUDIO\DIRECTX\DIRECTX\RELEASE\D3D11SWITCHTOREF.OBJ
E:\PROJECTS\AISTUDIO\DIRECTX\DIRECTX\RELEASE\D3D11TEXTURE1D.OBJ
E:\PROJECTS\AISTUDIO\DIRECTX\DIRECTX\RELEASE\D3D11TEXTURE2D.OBJ
E:\PROJECTS\AISTUDIO\DIRECTX\DIRECTX\RELEASE\D3D11TEXTURE3D.OBJ
E:\PROJECTS\AISTUDIO\DIRECTX\DIRECTX\RELEASE\D3D11UNORDEREDACCESSVIEW.OBJ
E:\PROJECTS\AISTUDIO\DIRECTX\DIRECTX\RELEASE\D3D11VERTEXSHADER.OBJ
E:\PROJECTS\AISTUDIO\DIRECTX\DIRECTX\RELEASE\D3D11VERTEXSHADERPIPELINESTAGE.OBJ
E:\PROJECTS\AISTUDIO\DIRECTX\DIRECTX\RELEASE\D3D11VIEW.OBJ
E:\PROJECTS\AISTUDIO\DIRECTX\DIRECTX\RELEASE\DIRECT3DEXCEPTION.OBJ
E:\PROJECTS\AISTUDIO\DIRECTX\DIRECTX\RELEASE\DIRECTHELPERS.OBJ
E:\PROJECTS\AISTUDIO\DIRECTX\DIRECTX\RELEASE\DIRECTOBJECT.OBJ
E:\PROJECTS\AISTUDIO\DIRECTX\DIRECTX\RELEASE\DIRECTUNKNOWN.OBJ
E:\Projects\AIStudio\DirectX\DirectX\Release\DirectX.vcxprojResolveAssemblyReference.cache
E:\PROJECTS\AISTUDIO\DIRECTX\DIRECTX\RELEASE\DWRITEFACTORY.OBJ
E:\PROJECTS\AISTUDIO\DIRECTX\DIRECTX\RELEASE\DWRITEFONT.OBJ
E:\PROJECTS\AISTUDIO\DIRECTX\DIRECTX\RELEASE\DWRITEFONTFACE.OBJ
E:\PROJECTS\AISTUDIO\DIRECTX\DIRECTX\RELEASE\DWRITEFONTFAMILY.OBJ
E:\PROJECTS\AISTUDIO\DIRECTX\DIRECTX\RELEASE\DWRITEFONTFAMILYCOLLECTION.OBJ
E:\PROJECTS\AISTUDIO\DIRECTX\DIRECTX\RELEASE\DWRITEINLINEOBJECT.OBJ
E:\PROJECTS\AISTUDIO\DIRECTX\DIRECTX\RELEASE\DWRITERENDERINGPARAMS.OBJ
E:\PROJECTS\AISTUDIO\DIRECTX\DIRECTX\RELEASE\DWRITESTRUCTS.OBJ
E:\PROJECTS\AISTUDIO\DIRECTX\DIRECTX\RELEASE\DWRITETEXTFORMAT.OBJ
E:\PROJECTS\AISTUDIO\DIRECTX\DIRECTX\RELEASE\DWRITETEXTLAYOUT.OBJ
E:\PROJECTS\AISTUDIO\DIRECTX\DIRECTX\RELEASE\DWRITETYPOGRAPHY.OBJ
E:\PROJECTS\AISTUDIO\DIRECTX\DIRECTX\RELEASE\DWRITEUTILS.OBJ
E:\PROJECTS\AISTUDIO\DIRECTX\DIRECTX\RELEASE\DXGIADAPTER.OBJ
E:\PROJECTS\AISTUDIO\DIRECTX\DIRECTX\RELEASE\DXGIADAPTER1.OBJ
E:\PROJECTS\AISTUDIO\DIRECTX\DIRECTX\RELEASE\DXGIDEVICE.OBJ
E:\PROJECTS\AISTUDIO\DIRECTX\DIRECTX\RELEASE\DXGIDEVICE1.OBJ
E:\PROJECTS\AISTUDIO\DIRECTX\DIRECTX\RELEASE\DXGIDEVICESUBOBJECT.OBJ
E:\PROJECTS\AISTUDIO\DIRECTX\DIRECTX\RELEASE\DXGIEXCEPTION.OBJ
E:\PROJECTS\AISTUDIO\DIRECTX\DIRECTX\RELEASE\DXGIFACTORY.OBJ
E:\PROJECTS\AISTUDIO\DIRECTX\DIRECTX\RELEASE\DXGIFACTORY1.OBJ
E:\PROJECTS\AISTUDIO\DIRECTX\DIRECTX\RELEASE\DXGIKEYEDMUTEX.OBJ
E:\PROJECTS\AISTUDIO\DIRECTX\DIRECTX\RELEASE\DXGIOBJECT.OBJ
E:\PROJECTS\AISTUDIO\DIRECTX\DIRECTX\RELEASE\DXGIOUTPUT.OBJ
E:\PROJECTS\AISTUDIO\DIRECTX\DIRECTX\RELEASE\DXGIRESOURCE.OBJ
E:\PROJECTS\AISTUDIO\DIRECTX\DIRECTX\RELEASE\DXGISTRUCTS.OBJ
E:\PROJECTS\AISTUDIO\DIRECTX\DIRECTX\RELEASE\DXGISURFACE.OBJ
E:\PROJECTS\AISTUDIO\DIRECTX\DIRECTX\RELEASE\DXGISURFACE1.OBJ
E:\PROJECTS\AISTUDIO\DIRECTX\DIRECTX\RELEASE\DXGISWAPCHAIN.OBJ
E:\PROJECTS\AISTUDIO\DIRECTX\DIRECTX\RELEASE\GLOBALSUPPRESSIONS.OBJ
E:\PROJECTS\AISTUDIO\DIRECTX\DIRECTX\RELEASE\ICUSTOMINLINEOBJECT.OBJ
E:\PROJECTS\AISTUDIO\DIRECTX\DIRECTX\RELEASE\LIBRARYLOADER.OBJ
E:\Projects\AIStudio\DirectX\DirectX\Release\link.command.1.tlog
E:\Projects\AIStudio\DirectX\DirectX\Release\link.read.1.tlog
E:\Projects\AIStudio\DirectX\DirectX\Release\link.write.1.tlog
E:\PROJECTS\AISTUDIO\DIRECTX\DIRECTX\RELEASE\MICROSOFT.WINDOWSAPICODEPACK.DIRECTX.DLL.INTERMEDIATE.MANIFEST
E:\PROJECTS\AISTUDIO\DIRECTX\DIRECTX\RELEASE\MICROSOFT.WINDOWSAPICODEPACK.DIRECTX.PCH
E:\Projects\AIStudio\DirectX\DirectX\Release\Microsoft.WindowsAPICodePack.DirectX.write.1.tlog
E:\Projects\AIStudio\DirectX\DirectX\Release\mt.command.1.tlog
E:\Projects\AIStudio\DirectX\DirectX\Release\mt.read.1.tlog
E:\Projects\AIStudio\DirectX\DirectX\Release\mt.write.1.tlog
E:\PROJECTS\AISTUDIO\DIRECTX\DIRECTX\RELEASE\STDAFX.OBJ
E:\PROJECTS\AISTUDIO\DIRECTX\DIRECTX\RELEASE\VALIDATE.OBJ
E:\PROJECTS\AISTUDIO\DIRECTX\DIRECTX\RELEASE\VC100.PDB
E:\Projects\AIStudio\DirectX\DirectX\Release\vc140.pdb
E:\PROJECTS\AISTUDIO\DIRECTX\DIRECTX\RELEASE\WICBITMAP.OBJ
E:\PROJECTS\AISTUDIO\DIRECTX\DIRECTX\RELEASE\WICBITMAPDECODER.OBJ
E:\PROJECTS\AISTUDIO\DIRECTX\DIRECTX\RELEASE\WICBITMAPFRAMEDECODE.OBJ
E:\PROJECTS\AISTUDIO\DIRECTX\DIRECTX\RELEASE\WICBITMAPLOCK.OBJ
E:\PROJECTS\AISTUDIO\DIRECTX\DIRECTX\RELEASE\WICBITMAPSOURCE.OBJ
E:\PROJECTS\AISTUDIO\DIRECTX\DIRECTX\RELEASE\WICFORMATCONVERTER.OBJ
E:\PROJECTS\AISTUDIO\DIRECTX\DIRECTX\RELEASE\WICIMAGINGFACTORY.OBJ
E:\PROJECTS\AISTUDIO\DIRECTX\DIRECTX\RELEASE\WICSTREAMWRAPPER.OBJ
E:\PROJECTS\AISTUDIO\RELEASE\MICROSOFT.WINDOWSAPICODEPACK.DIRECTX.DLL
E:\PROJECTS\AISTUDIO\RELEASE\MICROSOFT.WINDOWSAPICODEPACK.DIRECTX.PDB
