E:\GIT\IMAGE-CROPPER-FOR-COMPUTER-VISION\DEBUG\MICROSOFT.WINDOWSAPICODEPACK.DIRECTX.DLL
E:\GIT\IMAGE-CROPPER-FOR-COMPUTER-VISION\DEBUG\MICROSOFT.WINDOWSAPICODEPACK.DIRECTX.ILK
E:\GIT\IMAGE-CROPPER-FOR-COMPUTER-VISION\DEBUG\MICROSOFT.WINDOWSAPICODEPACK.DIRECTX.PDB
E:\GIT\IMAGE-CROPPER-FOR-COMPUTER-VISION\DEBUG\MICROSOFT.WINDOWSAPICODEPACK.DIRECTX.XML
E:\GIT\IMAGE-CROPPER-FOR-COMPUTER-VISION\DIRECTX\DIRECTX\DEBUG\.NETFRAMEWORK,VERSION=V4.0.ASSEMBLYATTRIBUTES.OBJ
E:\GIT\IMAGE-CROPPER-FOR-COMPUTER-VISION\DIRECTX\DIRECTX\DEBUG\.NETFRAMEWORK,VERSION=V4.0.ASSEMBLYATTRIBUTES.XDC
E:\GIT\IMAGE-CROPPER-FOR-COMPUTER-VISION\DIRECTX\DIRECTX\DEBUG\ASSEMBLYINFO.OBJ
E:\GIT\IMAGE-CROPPER-FOR-COMPUTER-VISION\DIRECTX\DIRECTX\DEBUG\ASSEMBLYINFO.XDC
E:\GIT\IMAGE-CROPPER-FOR-COMPUTER-VISION\DIRECTX\DIRECTX\DEBUG\AUTOIUNKNOWN.OBJ
E:\GIT\IMAGE-CROPPER-FOR-COMPUTER-VISION\DIRECTX\DIRECTX\DEBUG\AUTOIUNKNOWN.XDC
E:\GIT\IMAGE-CROPPER-FOR-COMPUTER-VISION\DIRECTX\DIRECTX\DEBUG\AUTOPOINTER.OBJ
E:\GIT\IMAGE-CROPPER-FOR-COMPUTER-VISION\DIRECTX\DIRECTX\DEBUG\AUTOPOINTER.XDC
E:\Git\Image-Cropper-For-Computer-Vision\DirectX\DirectX\Debug\cl.command.1.tlog
E:\Git\Image-Cropper-For-Computer-Vision\DirectX\DirectX\Debug\CL.read.1.tlog
E:\Git\Image-Cropper-For-Computer-Vision\DirectX\DirectX\Debug\CL.write.1.tlog
E:\GIT\IMAGE-CROPPER-FOR-COMPUTER-VISION\DIRECTX\DIRECTX\DEBUG\COMMONUTILS.OBJ
E:\GIT\IMAGE-CROPPER-FOR-COMPUTER-VISION\DIRECTX\DIRECTX\DEBUG\COMMONUTILS.XDC
E:\GIT\IMAGE-CROPPER-FOR-COMPUTER-VISION\DIRECTX\DIRECTX\DEBUG\CONVERT.OBJ
E:\GIT\IMAGE-CROPPER-FOR-COMPUTER-VISION\DIRECTX\DIRECTX\DEBUG\CONVERT.XDC
E:\GIT\IMAGE-CROPPER-FOR-COMPUTER-VISION\DIRECTX\DIRECTX\DEBUG\D2DCUSTOM.OBJ
E:\GIT\IMAGE-CROPPER-FOR-COMPUTER-VISION\DIRECTX\DIRECTX\DEBUG\D2DCUSTOM.XDC
E:\GIT\IMAGE-CROPPER-FOR-COMPUTER-VISION\DIRECTX\DIRECTX\DEBUG\D2DGEOMETRYSINK.OBJ
E:\GIT\IMAGE-CROPPER-FOR-COMPUTER-VISION\DIRECTX\DIRECTX\DEBUG\D2DGEOMETRYSINK.XDC
E:\GIT\IMAGE-CROPPER-FOR-COMPUTER-VISION\DIRECTX\DIRECTX\DEBUG\D2DINTERFACES.OBJ
E:\GIT\IMAGE-CROPPER-FOR-COMPUTER-VISION\DIRECTX\DIRECTX\DEBUG\D2DINTERFACES.XDC
E:\GIT\IMAGE-CROPPER-FOR-COMPUTER-VISION\DIRECTX\DIRECTX\DEBUG\D2DSTRUCTS.OBJ
E:\GIT\IMAGE-CROPPER-FOR-COMPUTER-VISION\DIRECTX\DIRECTX\DEBUG\D2DSTRUCTS.XDC
E:\GIT\IMAGE-CROPPER-FOR-COMPUTER-VISION\DIRECTX\DIRECTX\DEBUG\D2DTESSELLATIONSINK.OBJ
E:\GIT\IMAGE-CROPPER-FOR-COMPUTER-VISION\DIRECTX\DIRECTX\DEBUG\D2DTESSELLATIONSINK.XDC
E:\GIT\IMAGE-CROPPER-FOR-COMPUTER-VISION\DIRECTX\DIRECTX\DEBUG\D3D10ASYNCHRONOUS.OBJ
E:\GIT\IMAGE-CROPPER-FOR-COMPUTER-VISION\DIRECTX\DIRECTX\DEBUG\D3D10ASYNCHRONOUS.XDC
E:\GIT\IMAGE-CROPPER-FOR-COMPUTER-VISION\DIRECTX\DIRECTX\DEBUG\D3D10BLENDSTATE.OBJ
E:\GIT\IMAGE-CROPPER-FOR-COMPUTER-VISION\DIRECTX\DIRECTX\DEBUG\D3D10BLENDSTATE.XDC
E:\GIT\IMAGE-CROPPER-FOR-COMPUTER-VISION\DIRECTX\DIRECTX\DEBUG\D3D10BLENDSTATE1.OBJ
E:\GIT\IMAGE-CROPPER-FOR-COMPUTER-VISION\DIRECTX\DIRECTX\DEBUG\D3D10BLENDSTATE1.XDC
E:\GIT\IMAGE-CROPPER-FOR-COMPUTER-VISION\DIRECTX\DIRECTX\DEBUG\D3D10BLOB.OBJ
E:\GIT\IMAGE-CROPPER-FOR-COMPUTER-VISION\DIRECTX\DIRECTX\DEBUG\D3D10BLOB.XDC
E:\GIT\IMAGE-CROPPER-FOR-COMPUTER-VISION\DIRECTX\DIRECTX\DEBUG\D3D10BUFFER.OBJ
E:\GIT\IMAGE-CROPPER-FOR-COMPUTER-VISION\DIRECTX\DIRECTX\DEBUG\D3D10BUFFER.XDC
E:\GIT\IMAGE-CROPPER-FOR-COMPUTER-VISION\DIRECTX\DIRECTX\DEBUG\D3D10COUNTER.OBJ
E:\GIT\IMAGE-CROPPER-FOR-COMPUTER-VISION\DIRECTX\DIRECTX\DEBUG\D3D10COUNTER.XDC
E:\GIT\IMAGE-CROPPER-FOR-COMPUTER-VISION\DIRECTX\DIRECTX\DEBUG\D3D10DEBUG.OBJ
E:\GIT\IMAGE-CROPPER-FOR-COMPUTER-VISION\DIRECTX\DIRECTX\DEBUG\D3D10DEBUG.XDC
E:\GIT\IMAGE-CROPPER-FOR-COMPUTER-VISION\DIRECTX\DIRECTX\DEBUG\D3D10DEPTHSTENCILSTATE.OBJ
E:\GIT\IMAGE-CROPPER-FOR-COMPUTER-VISION\DIRECTX\DIRECTX\DEBUG\D3D10DEPTHSTENCILSTATE.XDC
E:\GIT\IMAGE-CROPPER-FOR-COMPUTER-VISION\DIRECTX\DIRECTX\DEBUG\D3D10DEPTHSTENCILVIEW.OBJ
E:\GIT\IMAGE-CROPPER-FOR-COMPUTER-VISION\DIRECTX\DIRECTX\DEBUG\D3D10DEPTHSTENCILVIEW.XDC
E:\GIT\IMAGE-CROPPER-FOR-COMPUTER-VISION\DIRECTX\DIRECTX\DEBUG\D3D10DEVICE.OBJ
E:\GIT\IMAGE-CROPPER-FOR-COMPUTER-VISION\DIRECTX\DIRECTX\DEBUG\D3D10DEVICE.XDC
E:\GIT\IMAGE-CROPPER-FOR-COMPUTER-VISION\DIRECTX\DIRECTX\DEBUG\D3D10DEVICE1.OBJ
E:\GIT\IMAGE-CROPPER-FOR-COMPUTER-VISION\DIRECTX\DIRECTX\DEBUG\D3D10DEVICE1.XDC
E:\GIT\IMAGE-CROPPER-FOR-COMPUTER-VISION\DIRECTX\DIRECTX\DEBUG\D3D10DEVICECHILD.OBJ
E:\GIT\IMAGE-CROPPER-FOR-COMPUTER-VISION\DIRECTX\DIRECTX\DEBUG\D3D10DEVICECHILD.XDC
E:\GIT\IMAGE-CROPPER-FOR-COMPUTER-VISION\DIRECTX\DIRECTX\DEBUG\D3D10EFFECT.OBJ
E:\GIT\IMAGE-CROPPER-FOR-COMPUTER-VISION\DIRECTX\DIRECTX\DEBUG\D3D10EFFECT.XDC
E:\GIT\IMAGE-CROPPER-FOR-COMPUTER-VISION\DIRECTX\DIRECTX\DEBUG\D3D10EFFECTBLENDVARIABLE.OBJ
E:\GIT\IMAGE-CROPPER-FOR-COMPUTER-VISION\DIRECTX\DIRECTX\DEBUG\D3D10EFFECTBLENDVARIABLE.XDC
E:\GIT\IMAGE-CROPPER-FOR-COMPUTER-VISION\DIRECTX\DIRECTX\DEBUG\D3D10EFFECTCONSTANTBUFFER.OBJ
E:\GIT\IMAGE-CROPPER-FOR-COMPUTER-VISION\DIRECTX\DIRECTX\DEBUG\D3D10EFFECTCONSTANTBUFFER.XDC
E:\GIT\IMAGE-CROPPER-FOR-COMPUTER-VISION\DIRECTX\DIRECTX\DEBUG\D3D10EFFECTDEPTHSTENCILVARIABLE.OBJ
E:\GIT\IMAGE-CROPPER-FOR-COMPUTER-VISION\DIRECTX\DIRECTX\DEBUG\D3D10EFFECTDEPTHSTENCILVARIABLE.XDC
E:\GIT\IMAGE-CROPPER-FOR-COMPUTER-VISION\DIRECTX\DIRECTX\DEBUG\D3D10EFFECTDEPTHSTENCILVIEWVARIABLE.OBJ
E:\GIT\IMAGE-CROPPER-FOR-COMPUTER-VISION\DIRECTX\DIRECTX\DEBUG\D3D10EFFECTDEPTHSTENCILVIEWVARIABLE.XDC
E:\GIT\IMAGE-CROPPER-FOR-COMPUTER-VISION\DIRECTX\DIRECTX\DEBUG\D3D10EFFECTMATRIXVARIABLE.OBJ
E:\GIT\IMAGE-CROPPER-FOR-COMPUTER-VISION\DIRECTX\DIRECTX\DEBUG\D3D10EFFECTMATRIXVARIABLE.XDC
E:\GIT\IMAGE-CROPPER-FOR-COMPUTER-VISION\DIRECTX\DIRECTX\DEBUG\D3D10EFFECTPASS.OBJ
E:\GIT\IMAGE-CROPPER-FOR-COMPUTER-VISION\DIRECTX\DIRECTX\DEBUG\D3D10EFFECTPASS.XDC
E:\GIT\IMAGE-CROPPER-FOR-COMPUTER-VISION\DIRECTX\DIRECTX\DEBUG\D3D10EFFECTPOOL.OBJ
E:\GIT\IMAGE-CROPPER-FOR-COMPUTER-VISION\DIRECTX\DIRECTX\DEBUG\D3D10EFFECTPOOL.XDC
E:\GIT\IMAGE-CROPPER-FOR-COMPUTER-VISION\DIRECTX\DIRECTX\DEBUG\D3D10EFFECTRASTERIZERVARIABLE.OBJ
E:\GIT\IMAGE-CROPPER-FOR-COMPUTER-VISION\DIRECTX\DIRECTX\DEBUG\D3D10EFFECTRASTERIZERVARIABLE.XDC
E:\GIT\IMAGE-CROPPER-FOR-COMPUTER-VISION\DIRECTX\DIRECTX\DEBUG\D3D10EFFECTRENDERTARGETVIEWVARIABLE.OBJ
E:\GIT\IMAGE-CROPPER-FOR-COMPUTER-VISION\DIRECTX\DIRECTX\DEBUG\D3D10EFFECTRENDERTARGETVIEWVARIABLE.XDC
E:\GIT\IMAGE-CROPPER-FOR-COMPUTER-VISION\DIRECTX\DIRECTX\DEBUG\D3D10EFFECTSAMPLERVARIABLE.OBJ
E:\GIT\IMAGE-CROPPER-FOR-COMPUTER-VISION\DIRECTX\DIRECTX\DEBUG\D3D10EFFECTSAMPLERVARIABLE.XDC
E:\GIT\IMAGE-CROPPER-FOR-COMPUTER-VISION\DIRECTX\DIRECTX\DEBUG\D3D10EFFECTSCALARVARIABLE.OBJ
E:\GIT\IMAGE-CROPPER-FOR-COMPUTER-VISION\DIRECTX\DIRECTX\DEBUG\D3D10EFFECTSCALARVARIABLE.XDC
E:\GIT\IMAGE-CROPPER-FOR-COMPUTER-VISION\DIRECTX\DIRECTX\DEBUG\D3D10EFFECTSHADERRESOURCEVARIABLE.OBJ
E:\GIT\IMAGE-CROPPER-FOR-COMPUTER-VISION\DIRECTX\DIRECTX\DEBUG\D3D10EFFECTSHADERRESOURCEVARIABLE.XDC
E:\GIT\IMAGE-CROPPER-FOR-COMPUTER-VISION\DIRECTX\DIRECTX\DEBUG\D3D10EFFECTSHADERVARIABLE.OBJ
E:\GIT\IMAGE-CROPPER-FOR-COMPUTER-VISION\DIRECTX\DIRECTX\DEBUG\D3D10EFFECTSHADERVARIABLE.XDC
E:\GIT\IMAGE-CROPPER-FOR-COMPUTER-VISION\DIRECTX\DIRECTX\DEBUG\D3D10EFFECTSTRINGVARIABLE.OBJ
E:\GIT\IMAGE-CROPPER-FOR-COMPUTER-VISION\DIRECTX\DIRECTX\DEBUG\D3D10EFFECTSTRINGVARIABLE.XDC
E:\GIT\IMAGE-CROPPER-FOR-COMPUTER-VISION\DIRECTX\DIRECTX\DEBUG\D3D10EFFECTTECHNIQUE.OBJ
E:\GIT\IMAGE-CROPPER-FOR-COMPUTER-VISION\DIRECTX\DIRECTX\DEBUG\D3D10EFFECTTECHNIQUE.XDC
E:\GIT\IMAGE-CROPPER-FOR-COMPUTER-VISION\DIRECTX\DIRECTX\DEBUG\D3D10EFFECTTYPE.OBJ
E:\GIT\IMAGE-CROPPER-FOR-COMPUTER-VISION\DIRECTX\DIRECTX\DEBUG\D3D10EFFECTTYPE.XDC
E:\GIT\IMAGE-CROPPER-FOR-COMPUTER-VISION\DIRECTX\DIRECTX\DEBUG\D3D10EFFECTVARIABLE.OBJ
E:\GIT\IMAGE-CROPPER-FOR-COMPUTER-VISION\DIRECTX\DIRECTX\DEBUG\D3D10EFFECTVARIABLE.XDC
E:\GIT\IMAGE-CROPPER-FOR-COMPUTER-VISION\DIRECTX\DIRECTX\DEBUG\D3D10EFFECTVECTORVARIABLE.OBJ
E:\GIT\IMAGE-CROPPER-FOR-COMPUTER-VISION\DIRECTX\DIRECTX\DEBUG\D3D10EFFECTVECTORVARIABLE.XDC
E:\GIT\IMAGE-CROPPER-FOR-COMPUTER-VISION\DIRECTX\DIRECTX\DEBUG\D3D10GEOMETRYSHADER.OBJ
E:\GIT\IMAGE-CROPPER-FOR-COMPUTER-VISION\DIRECTX\DIRECTX\DEBUG\D3D10GEOMETRYSHADER.XDC
E:\GIT\IMAGE-CROPPER-FOR-COMPUTER-VISION\DIRECTX\DIRECTX\DEBUG\D3D10GEOMETRYSHADERPIPELINESTAGE.OBJ
E:\GIT\IMAGE-CROPPER-FOR-COMPUTER-VISION\DIRECTX\DIRECTX\DEBUG\D3D10GEOMETRYSHADERPIPELINESTAGE.XDC
E:\GIT\IMAGE-CROPPER-FOR-COMPUTER-VISION\DIRECTX\DIRECTX\DEBUG\D3D10INCLUDE.OBJ
E:\GIT\IMAGE-CROPPER-FOR-COMPUTER-VISION\DIRECTX\DIRECTX\DEBUG\D3D10INCLUDE.XDC
E:\GIT\IMAGE-CROPPER-FOR-COMPUTER-VISION\DIRECTX\DIRECTX\DEBUG\D3D10INFOQUEUE.OBJ
E:\GIT\IMAGE-CROPPER-FOR-COMPUTER-VISION\DIRECTX\DIRECTX\DEBUG\D3D10INFOQUEUE.XDC
E:\GIT\IMAGE-CROPPER-FOR-COMPUTER-VISION\DIRECTX\DIRECTX\DEBUG\D3D10INPUTASSEMBLERPIPELINESTAGE.OBJ
E:\GIT\IMAGE-CROPPER-FOR-COMPUTER-VISION\DIRECTX\DIRECTX\DEBUG\D3D10INPUTASSEMBLERPIPELINESTAGE.XDC
E:\GIT\IMAGE-CROPPER-FOR-COMPUTER-VISION\DIRECTX\DIRECTX\DEBUG\D3D10INPUTLAYOUT.OBJ
E:\GIT\IMAGE-CROPPER-FOR-COMPUTER-VISION\DIRECTX\DIRECTX\DEBUG\D3D10INPUTLAYOUT.XDC
E:\GIT\IMAGE-CROPPER-FOR-COMPUTER-VISION\DIRECTX\DIRECTX\DEBUG\D3D10MULTITHREAD.OBJ
E:\GIT\IMAGE-CROPPER-FOR-COMPUTER-VISION\DIRECTX\DIRECTX\DEBUG\D3D10MULTITHREAD.XDC
E:\GIT\IMAGE-CROPPER-FOR-COMPUTER-VISION\DIRECTX\DIRECTX\DEBUG\D3D10OUTPUTMERGERPIPELINESTAGE.OBJ
E:\GIT\IMAGE-CROPPER-FOR-COMPUTER-VISION\DIRECTX\DIRECTX\DEBUG\D3D10OUTPUTMERGERPIPELINESTAGE.XDC
E:\GIT\IMAGE-CROPPER-FOR-COMPUTER-VISION\DIRECTX\DIRECTX\DEBUG\D3D10PIPELINESTAGE.OBJ
E:\GIT\IMAGE-CROPPER-FOR-COMPUTER-VISION\DIRECTX\DIRECTX\DEBUG\D3D10PIPELINESTAGE.XDC
E:\GIT\IMAGE-CROPPER-FOR-COMPUTER-VISION\DIRECTX\DIRECTX\DEBUG\D3D10PIXELSHADER.OBJ
E:\GIT\IMAGE-CROPPER-FOR-COMPUTER-VISION\DIRECTX\DIRECTX\DEBUG\D3D10PIXELSHADER.XDC
E:\GIT\IMAGE-CROPPER-FOR-COMPUTER-VISION\DIRECTX\DIRECTX\DEBUG\D3D10PIXELSHADERPIPELINESTAGE.OBJ
E:\GIT\IMAGE-CROPPER-FOR-COMPUTER-VISION\DIRECTX\DIRECTX\DEBUG\D3D10PIXELSHADERPIPELINESTAGE.XDC
E:\GIT\IMAGE-CROPPER-FOR-COMPUTER-VISION\DIRECTX\DIRECTX\DEBUG\D3D10PREDICATE.OBJ
E:\GIT\IMAGE-CROPPER-FOR-COMPUTER-VISION\DIRECTX\DIRECTX\DEBUG\D3D10PREDICATE.XDC
E:\GIT\IMAGE-CROPPER-FOR-COMPUTER-VISION\DIRECTX\DIRECTX\DEBUG\D3D10QUERY.OBJ
E:\GIT\IMAGE-CROPPER-FOR-COMPUTER-VISION\DIRECTX\DIRECTX\DEBUG\D3D10QUERY.XDC
E:\GIT\IMAGE-CROPPER-FOR-COMPUTER-VISION\DIRECTX\DIRECTX\DEBUG\D3D10RASTERIZERPIPELINESTAGE.OBJ
E:\GIT\IMAGE-CROPPER-FOR-COMPUTER-VISION\DIRECTX\DIRECTX\DEBUG\D3D10RASTERIZERPIPELINESTAGE.XDC
E:\GIT\IMAGE-CROPPER-FOR-COMPUTER-VISION\DIRECTX\DIRECTX\DEBUG\D3D10RASTERIZERSTATE.OBJ
E:\GIT\IMAGE-CROPPER-FOR-COMPUTER-VISION\DIRECTX\DIRECTX\DEBUG\D3D10RASTERIZERSTATE.XDC
E:\GIT\IMAGE-CROPPER-FOR-COMPUTER-VISION\DIRECTX\DIRECTX\DEBUG\D3D10RENDERTARGETVIEW.OBJ
E:\GIT\IMAGE-CROPPER-FOR-COMPUTER-VISION\DIRECTX\DIRECTX\DEBUG\D3D10RENDERTARGETVIEW.XDC
E:\GIT\IMAGE-CROPPER-FOR-COMPUTER-VISION\DIRECTX\DIRECTX\DEBUG\D3D10RESOURCE.OBJ
E:\GIT\IMAGE-CROPPER-FOR-COMPUTER-VISION\DIRECTX\DIRECTX\DEBUG\D3D10RESOURCE.XDC
E:\GIT\IMAGE-CROPPER-FOR-COMPUTER-VISION\DIRECTX\DIRECTX\DEBUG\D3D10SAMPLERSTATE.OBJ
E:\GIT\IMAGE-CROPPER-FOR-COMPUTER-VISION\DIRECTX\DIRECTX\DEBUG\D3D10SAMPLERSTATE.XDC
E:\GIT\IMAGE-CROPPER-FOR-COMPUTER-VISION\DIRECTX\DIRECTX\DEBUG\D3D10SHADERREFLECTION.OBJ
E:\GIT\IMAGE-CROPPER-FOR-COMPUTER-VISION\DIRECTX\DIRECTX\DEBUG\D3D10SHADERREFLECTION.XDC
E:\GIT\IMAGE-CROPPER-FOR-COMPUTER-VISION\DIRECTX\DIRECTX\DEBUG\D3D10SHADERREFLECTION1.OBJ
E:\GIT\IMAGE-CROPPER-FOR-COMPUTER-VISION\DIRECTX\DIRECTX\DEBUG\D3D10SHADERREFLECTION1.XDC
E:\GIT\IMAGE-CROPPER-FOR-COMPUTER-VISION\DIRECTX\DIRECTX\DEBUG\D3D10SHADERREFLECTIONCONSTANTBUFFER.OBJ
E:\GIT\IMAGE-CROPPER-FOR-COMPUTER-VISION\DIRECTX\DIRECTX\DEBUG\D3D10SHADERREFLECTIONCONSTANTBUFFER.XDC
E:\GIT\IMAGE-CROPPER-FOR-COMPUTER-VISION\DIRECTX\DIRECTX\DEBUG\D3D10SHADERREFLECTIONTYPE.OBJ
E:\GIT\IMAGE-CROPPER-FOR-COMPUTER-VISION\DIRECTX\DIRECTX\DEBUG\D3D10SHADERREFLECTIONTYPE.XDC
E:\GIT\IMAGE-CROPPER-FOR-COMPUTER-VISION\DIRECTX\DIRECTX\DEBUG\D3D10SHADERREFLECTIONVARIABLE.OBJ
E:\GIT\IMAGE-CROPPER-FOR-COMPUTER-VISION\DIRECTX\DIRECTX\DEBUG\D3D10SHADERREFLECTIONVARIABLE.XDC
E:\GIT\IMAGE-CROPPER-FOR-COMPUTER-VISION\DIRECTX\DIRECTX\DEBUG\D3D10SHADERRESOURCEVIEW.OBJ
E:\GIT\IMAGE-CROPPER-FOR-COMPUTER-VISION\DIRECTX\DIRECTX\DEBUG\D3D10SHADERRESOURCEVIEW.XDC
E:\GIT\IMAGE-CROPPER-FOR-COMPUTER-VISION\DIRECTX\DIRECTX\DEBUG\D3D10SHADERRESOURCEVIEW1.OBJ
E:\GIT\IMAGE-CROPPER-FOR-COMPUTER-VISION\DIRECTX\DIRECTX\DEBUG\D3D10SHADERRESOURCEVIEW1.XDC
E:\GIT\IMAGE-CROPPER-FOR-COMPUTER-VISION\DIRECTX\DIRECTX\DEBUG\D3D10STATEBLOCK.OBJ
E:\GIT\IMAGE-CROPPER-FOR-COMPUTER-VISION\DIRECTX\DIRECTX\DEBUG\D3D10STATEBLOCK.XDC
E:\GIT\IMAGE-CROPPER-FOR-COMPUTER-VISION\DIRECTX\DIRECTX\DEBUG\D3D10STATEBLOCKMASK.OBJ
E:\GIT\IMAGE-CROPPER-FOR-COMPUTER-VISION\DIRECTX\DIRECTX\DEBUG\D3D10STATEBLOCKMASK.XDC
E:\GIT\IMAGE-CROPPER-FOR-COMPUTER-VISION\DIRECTX\DIRECTX\DEBUG\D3D10STREAMOUTPUTPIPELINESTAGE.OBJ
E:\GIT\IMAGE-CROPPER-FOR-COMPUTER-VISION\DIRECTX\DIRECTX\DEBUG\D3D10STREAMOUTPUTPIPELINESTAGE.XDC
E:\GIT\IMAGE-CROPPER-FOR-COMPUTER-VISION\DIRECTX\DIRECTX\DEBUG\D3D10STRUCTS.OBJ
E:\GIT\IMAGE-CROPPER-FOR-COMPUTER-VISION\DIRECTX\DIRECTX\DEBUG\D3D10STRUCTS.XDC
E:\GIT\IMAGE-CROPPER-FOR-COMPUTER-VISION\DIRECTX\DIRECTX\DEBUG\D3D10SWITCHTOREF.OBJ
E:\GIT\IMAGE-CROPPER-FOR-COMPUTER-VISION\DIRECTX\DIRECTX\DEBUG\D3D10SWITCHTOREF.XDC
E:\GIT\IMAGE-CROPPER-FOR-COMPUTER-VISION\DIRECTX\DIRECTX\DEBUG\D3D10TEXTURE1D.OBJ
E:\GIT\IMAGE-CROPPER-FOR-COMPUTER-VISION\DIRECTX\DIRECTX\DEBUG\D3D10TEXTURE1D.XDC
E:\GIT\IMAGE-CROPPER-FOR-COMPUTER-VISION\DIRECTX\DIRECTX\DEBUG\D3D10TEXTURE2D.OBJ
E:\GIT\IMAGE-CROPPER-FOR-COMPUTER-VISION\DIRECTX\DIRECTX\DEBUG\D3D10TEXTURE2D.XDC
E:\GIT\IMAGE-CROPPER-FOR-COMPUTER-VISION\DIRECTX\DIRECTX\DEBUG\D3D10TEXTURE3D.OBJ
E:\GIT\IMAGE-CROPPER-FOR-COMPUTER-VISION\DIRECTX\DIRECTX\DEBUG\D3D10TEXTURE3D.XDC
E:\GIT\IMAGE-CROPPER-FOR-COMPUTER-VISION\DIRECTX\DIRECTX\DEBUG\D3D10VERTEXSHADER.OBJ
E:\GIT\IMAGE-CROPPER-FOR-COMPUTER-VISION\DIRECTX\DIRECTX\DEBUG\D3D10VERTEXSHADER.XDC
E:\GIT\IMAGE-CROPPER-FOR-COMPUTER-VISION\DIRECTX\DIRECTX\DEBUG\D3D10VERTEXSHADERPIPELINESTAGE.OBJ
E:\GIT\IMAGE-CROPPER-FOR-COMPUTER-VISION\DIRECTX\DIRECTX\DEBUG\D3D10VERTEXSHADERPIPELINESTAGE.XDC
E:\GIT\IMAGE-CROPPER-FOR-COMPUTER-VISION\DIRECTX\DIRECTX\DEBUG\D3D10VIEW.OBJ
E:\GIT\IMAGE-CROPPER-FOR-COMPUTER-VISION\DIRECTX\DIRECTX\DEBUG\D3D10VIEW.XDC
E:\GIT\IMAGE-CROPPER-FOR-COMPUTER-VISION\DIRECTX\DIRECTX\DEBUG\D3D11ASYNCHRONOUS.OBJ
E:\GIT\IMAGE-CROPPER-FOR-COMPUTER-VISION\DIRECTX\DIRECTX\DEBUG\D3D11ASYNCHRONOUS.XDC
E:\GIT\IMAGE-CROPPER-FOR-COMPUTER-VISION\DIRECTX\DIRECTX\DEBUG\D3D11BLENDSTATE.OBJ
E:\GIT\IMAGE-CROPPER-FOR-COMPUTER-VISION\DIRECTX\DIRECTX\DEBUG\D3D11BLENDSTATE.XDC
E:\GIT\IMAGE-CROPPER-FOR-COMPUTER-VISION\DIRECTX\DIRECTX\DEBUG\D3D11BUFFER.OBJ
E:\GIT\IMAGE-CROPPER-FOR-COMPUTER-VISION\DIRECTX\DIRECTX\DEBUG\D3D11BUFFER.XDC
E:\GIT\IMAGE-CROPPER-FOR-COMPUTER-VISION\DIRECTX\DIRECTX\DEBUG\D3D11CLASSINSTANCE.OBJ
E:\GIT\IMAGE-CROPPER-FOR-COMPUTER-VISION\DIRECTX\DIRECTX\DEBUG\D3D11CLASSINSTANCE.XDC
E:\GIT\IMAGE-CROPPER-FOR-COMPUTER-VISION\DIRECTX\DIRECTX\DEBUG\D3D11CLASSLINKAGE.OBJ
E:\GIT\IMAGE-CROPPER-FOR-COMPUTER-VISION\DIRECTX\DIRECTX\DEBUG\D3D11CLASSLINKAGE.XDC
E:\GIT\IMAGE-CROPPER-FOR-COMPUTER-VISION\DIRECTX\DIRECTX\DEBUG\D3D11COMMANDLIST.OBJ
E:\GIT\IMAGE-CROPPER-FOR-COMPUTER-VISION\DIRECTX\DIRECTX\DEBUG\D3D11COMMANDLIST.XDC
E:\GIT\IMAGE-CROPPER-FOR-COMPUTER-VISION\DIRECTX\DIRECTX\DEBUG\D3D11COMPUTESHADER.OBJ
E:\GIT\IMAGE-CROPPER-FOR-COMPUTER-VISION\DIRECTX\DIRECTX\DEBUG\D3D11COMPUTESHADER.XDC
E:\GIT\IMAGE-CROPPER-FOR-COMPUTER-VISION\DIRECTX\DIRECTX\DEBUG\D3D11COMPUTESHADERPIPELINESTAGE.OBJ
E:\GIT\IMAGE-CROPPER-FOR-COMPUTER-VISION\DIRECTX\DIRECTX\DEBUG\D3D11COMPUTESHADERPIPELINESTAGE.XDC
E:\GIT\IMAGE-CROPPER-FOR-COMPUTER-VISION\DIRECTX\DIRECTX\DEBUG\D3D11COUNTER.OBJ
E:\GIT\IMAGE-CROPPER-FOR-COMPUTER-VISION\DIRECTX\DIRECTX\DEBUG\D3D11COUNTER.XDC
E:\GIT\IMAGE-CROPPER-FOR-COMPUTER-VISION\DIRECTX\DIRECTX\DEBUG\D3D11DEBUG.OBJ
E:\GIT\IMAGE-CROPPER-FOR-COMPUTER-VISION\DIRECTX\DIRECTX\DEBUG\D3D11DEBUG.XDC
E:\GIT\IMAGE-CROPPER-FOR-COMPUTER-VISION\DIRECTX\DIRECTX\DEBUG\D3D11DEPTHSTENCILSTATE.OBJ
E:\GIT\IMAGE-CROPPER-FOR-COMPUTER-VISION\DIRECTX\DIRECTX\DEBUG\D3D11DEPTHSTENCILSTATE.XDC
E:\GIT\IMAGE-CROPPER-FOR-COMPUTER-VISION\DIRECTX\DIRECTX\DEBUG\D3D11DEPTHSTENCILVIEW.OBJ
E:\GIT\IMAGE-CROPPER-FOR-COMPUTER-VISION\DIRECTX\DIRECTX\DEBUG\D3D11DEPTHSTENCILVIEW.XDC
E:\GIT\IMAGE-CROPPER-FOR-COMPUTER-VISION\DIRECTX\DIRECTX\DEBUG\D3D11DEVICE.OBJ
E:\GIT\IMAGE-CROPPER-FOR-COMPUTER-VISION\DIRECTX\DIRECTX\DEBUG\D3D11DEVICE.XDC
E:\GIT\IMAGE-CROPPER-FOR-COMPUTER-VISION\DIRECTX\DIRECTX\DEBUG\D3D11DEVICECHILD.OBJ
E:\GIT\IMAGE-CROPPER-FOR-COMPUTER-VISION\DIRECTX\DIRECTX\DEBUG\D3D11DEVICECHILD.XDC
E:\GIT\IMAGE-CROPPER-FOR-COMPUTER-VISION\DIRECTX\DIRECTX\DEBUG\D3D11DEVICECONTEXT.OBJ
E:\GIT\IMAGE-CROPPER-FOR-COMPUTER-VISION\DIRECTX\DIRECTX\DEBUG\D3D11DEVICECONTEXT.XDC
E:\GIT\IMAGE-CROPPER-FOR-COMPUTER-VISION\DIRECTX\DIRECTX\DEBUG\D3D11DOMAINSHADER.OBJ
E:\GIT\IMAGE-CROPPER-FOR-COMPUTER-VISION\DIRECTX\DIRECTX\DEBUG\D3D11DOMAINSHADER.XDC
E:\GIT\IMAGE-CROPPER-FOR-COMPUTER-VISION\DIRECTX\DIRECTX\DEBUG\D3D11DOMAINSHADERPIPELINESTAGE.OBJ
E:\GIT\IMAGE-CROPPER-FOR-COMPUTER-VISION\DIRECTX\DIRECTX\DEBUG\D3D11DOMAINSHADERPIPELINESTAGE.XDC
E:\GIT\IMAGE-CROPPER-FOR-COMPUTER-VISION\DIRECTX\DIRECTX\DEBUG\D3D11GEOMETRYSHADER.OBJ
E:\GIT\IMAGE-CROPPER-FOR-COMPUTER-VISION\DIRECTX\DIRECTX\DEBUG\D3D11GEOMETRYSHADER.XDC
E:\GIT\IMAGE-CROPPER-FOR-COMPUTER-VISION\DIRECTX\DIRECTX\DEBUG\D3D11GEOMETRYSHADERPIPELINESTAGE.OBJ
E:\GIT\IMAGE-CROPPER-FOR-COMPUTER-VISION\DIRECTX\DIRECTX\DEBUG\D3D11GEOMETRYSHADERPIPELINESTAGE.XDC
E:\GIT\IMAGE-CROPPER-FOR-COMPUTER-VISION\DIRECTX\DIRECTX\DEBUG\D3D11HULLSHADER.OBJ
E:\GIT\IMAGE-CROPPER-FOR-COMPUTER-VISION\DIRECTX\DIRECTX\DEBUG\D3D11HULLSHADER.XDC
E:\GIT\IMAGE-CROPPER-FOR-COMPUTER-VISION\DIRECTX\DIRECTX\DEBUG\D3D11HULLSHADERPIPELINESTAGE.OBJ
E:\GIT\IMAGE-CROPPER-FOR-COMPUTER-VISION\DIRECTX\DIRECTX\DEBUG\D3D11HULLSHADERPIPELINESTAGE.XDC
E:\GIT\IMAGE-CROPPER-FOR-COMPUTER-VISION\DIRECTX\DIRECTX\DEBUG\D3D11INFOQUEUE.OBJ
E:\GIT\IMAGE-CROPPER-FOR-COMPUTER-VISION\DIRECTX\DIRECTX\DEBUG\D3D11INFOQUEUE.XDC
E:\GIT\IMAGE-CROPPER-FOR-COMPUTER-VISION\DIRECTX\DIRECTX\DEBUG\D3D11INPUTASSEMBLERPIPELINESTAGE.OBJ
E:\GIT\IMAGE-CROPPER-FOR-COMPUTER-VISION\DIRECTX\DIRECTX\DEBUG\D3D11INPUTASSEMBLERPIPELINESTAGE.XDC
E:\GIT\IMAGE-CROPPER-FOR-COMPUTER-VISION\DIRECTX\DIRECTX\DEBUG\D3D11INPUTLAYOUT.OBJ
E:\GIT\IMAGE-CROPPER-FOR-COMPUTER-VISION\DIRECTX\DIRECTX\DEBUG\D3D11INPUTLAYOUT.XDC
E:\GIT\IMAGE-CROPPER-FOR-COMPUTER-VISION\DIRECTX\DIRECTX\DEBUG\D3D11OUTPUTMERGERPIPELINESTAGE.OBJ
E:\GIT\IMAGE-CROPPER-FOR-COMPUTER-VISION\DIRECTX\DIRECTX\DEBUG\D3D11OUTPUTMERGERPIPELINESTAGE.XDC
E:\GIT\IMAGE-CROPPER-FOR-COMPUTER-VISION\DIRECTX\DIRECTX\DEBUG\D3D11PIPELINESTAGE.OBJ
E:\GIT\IMAGE-CROPPER-FOR-COMPUTER-VISION\DIRECTX\DIRECTX\DEBUG\D3D11PIPELINESTAGE.XDC
E:\GIT\IMAGE-CROPPER-FOR-COMPUTER-VISION\DIRECTX\DIRECTX\DEBUG\D3D11PIXELSHADER.OBJ
E:\GIT\IMAGE-CROPPER-FOR-COMPUTER-VISION\DIRECTX\DIRECTX\DEBUG\D3D11PIXELSHADER.XDC
E:\GIT\IMAGE-CROPPER-FOR-COMPUTER-VISION\DIRECTX\DIRECTX\DEBUG\D3D11PIXELSHADERPIPELINESTAGE.OBJ
E:\GIT\IMAGE-CROPPER-FOR-COMPUTER-VISION\DIRECTX\DIRECTX\DEBUG\D3D11PIXELSHADERPIPELINESTAGE.XDC
E:\GIT\IMAGE-CROPPER-FOR-COMPUTER-VISION\DIRECTX\DIRECTX\DEBUG\D3D11PREDICATE.OBJ
E:\GIT\IMAGE-CROPPER-FOR-COMPUTER-VISION\DIRECTX\DIRECTX\DEBUG\D3D11PREDICATE.XDC
E:\GIT\IMAGE-CROPPER-FOR-COMPUTER-VISION\DIRECTX\DIRECTX\DEBUG\D3D11QUERY.OBJ
E:\GIT\IMAGE-CROPPER-FOR-COMPUTER-VISION\DIRECTX\DIRECTX\DEBUG\D3D11QUERY.XDC
E:\GIT\IMAGE-CROPPER-FOR-COMPUTER-VISION\DIRECTX\DIRECTX\DEBUG\D3D11RASTERIZERPIPELINESTAGE.OBJ
E:\GIT\IMAGE-CROPPER-FOR-COMPUTER-VISION\DIRECTX\DIRECTX\DEBUG\D3D11RASTERIZERPIPELINESTAGE.XDC
E:\GIT\IMAGE-CROPPER-FOR-COMPUTER-VISION\DIRECTX\DIRECTX\DEBUG\D3D11RASTERIZERSTATE.OBJ
E:\GIT\IMAGE-CROPPER-FOR-COMPUTER-VISION\DIRECTX\DIRECTX\DEBUG\D3D11RASTERIZERSTATE.XDC
E:\GIT\IMAGE-CROPPER-FOR-COMPUTER-VISION\DIRECTX\DIRECTX\DEBUG\D3D11RENDERTARGETVIEW.OBJ
E:\GIT\IMAGE-CROPPER-FOR-COMPUTER-VISION\DIRECTX\DIRECTX\DEBUG\D3D11RENDERTARGETVIEW.XDC
E:\GIT\IMAGE-CROPPER-FOR-COMPUTER-VISION\DIRECTX\DIRECTX\DEBUG\D3D11RESOURCE.OBJ
E:\GIT\IMAGE-CROPPER-FOR-COMPUTER-VISION\DIRECTX\DIRECTX\DEBUG\D3D11RESOURCE.XDC
E:\GIT\IMAGE-CROPPER-FOR-COMPUTER-VISION\DIRECTX\DIRECTX\DEBUG\D3D11SAMPLERSTATE.OBJ
E:\GIT\IMAGE-CROPPER-FOR-COMPUTER-VISION\DIRECTX\DIRECTX\DEBUG\D3D11SAMPLERSTATE.XDC
E:\GIT\IMAGE-CROPPER-FOR-COMPUTER-VISION\DIRECTX\DIRECTX\DEBUG\D3D11SHADERRESOURCEVIEW.OBJ
E:\GIT\IMAGE-CROPPER-FOR-COMPUTER-VISION\DIRECTX\DIRECTX\DEBUG\D3D11SHADERRESOURCEVIEW.XDC
E:\GIT\IMAGE-CROPPER-FOR-COMPUTER-VISION\DIRECTX\DIRECTX\DEBUG\D3D11STREAMOUTPUTPIPELINESTAGE.OBJ
E:\GIT\IMAGE-CROPPER-FOR-COMPUTER-VISION\DIRECTX\DIRECTX\DEBUG\D3D11STREAMOUTPUTPIPELINESTAGE.XDC
E:\GIT\IMAGE-CROPPER-FOR-COMPUTER-VISION\DIRECTX\DIRECTX\DEBUG\D3D11SWITCHTOREF.OBJ
E:\GIT\IMAGE-CROPPER-FOR-COMPUTER-VISION\DIRECTX\DIRECTX\DEBUG\D3D11SWITCHTOREF.XDC
E:\GIT\IMAGE-CROPPER-FOR-COMPUTER-VISION\DIRECTX\DIRECTX\DEBUG\D3D11TEXTURE1D.OBJ
E:\GIT\IMAGE-CROPPER-FOR-COMPUTER-VISION\DIRECTX\DIRECTX\DEBUG\D3D11TEXTURE1D.XDC
E:\GIT\IMAGE-CROPPER-FOR-COMPUTER-VISION\DIRECTX\DIRECTX\DEBUG\D3D11TEXTURE2D.OBJ
E:\GIT\IMAGE-CROPPER-FOR-COMPUTER-VISION\DIRECTX\DIRECTX\DEBUG\D3D11TEXTURE2D.XDC
E:\GIT\IMAGE-CROPPER-FOR-COMPUTER-VISION\DIRECTX\DIRECTX\DEBUG\D3D11TEXTURE3D.OBJ
E:\GIT\IMAGE-CROPPER-FOR-COMPUTER-VISION\DIRECTX\DIRECTX\DEBUG\D3D11TEXTURE3D.XDC
E:\GIT\IMAGE-CROPPER-FOR-COMPUTER-VISION\DIRECTX\DIRECTX\DEBUG\D3D11UNORDEREDACCESSVIEW.OBJ
E:\GIT\IMAGE-CROPPER-FOR-COMPUTER-VISION\DIRECTX\DIRECTX\DEBUG\D3D11UNORDEREDACCESSVIEW.XDC
E:\GIT\IMAGE-CROPPER-FOR-COMPUTER-VISION\DIRECTX\DIRECTX\DEBUG\D3D11VERTEXSHADER.OBJ
E:\GIT\IMAGE-CROPPER-FOR-COMPUTER-VISION\DIRECTX\DIRECTX\DEBUG\D3D11VERTEXSHADER.XDC
E:\GIT\IMAGE-CROPPER-FOR-COMPUTER-VISION\DIRECTX\DIRECTX\DEBUG\D3D11VERTEXSHADERPIPELINESTAGE.OBJ
E:\GIT\IMAGE-CROPPER-FOR-COMPUTER-VISION\DIRECTX\DIRECTX\DEBUG\D3D11VERTEXSHADERPIPELINESTAGE.XDC
E:\GIT\IMAGE-CROPPER-FOR-COMPUTER-VISION\DIRECTX\DIRECTX\DEBUG\D3D11VIEW.OBJ
E:\GIT\IMAGE-CROPPER-FOR-COMPUTER-VISION\DIRECTX\DIRECTX\DEBUG\D3D11VIEW.XDC
E:\GIT\IMAGE-CROPPER-FOR-COMPUTER-VISION\DIRECTX\DIRECTX\DEBUG\DIRECT3DEXCEPTION.OBJ
E:\GIT\IMAGE-CROPPER-FOR-COMPUTER-VISION\DIRECTX\DIRECTX\DEBUG\DIRECT3DEXCEPTION.XDC
E:\GIT\IMAGE-CROPPER-FOR-COMPUTER-VISION\DIRECTX\DIRECTX\DEBUG\DIRECTHELPERS.OBJ
E:\GIT\IMAGE-CROPPER-FOR-COMPUTER-VISION\DIRECTX\DIRECTX\DEBUG\DIRECTHELPERS.XDC
E:\GIT\IMAGE-CROPPER-FOR-COMPUTER-VISION\DIRECTX\DIRECTX\DEBUG\DIRECTOBJECT.OBJ
E:\GIT\IMAGE-CROPPER-FOR-COMPUTER-VISION\DIRECTX\DIRECTX\DEBUG\DIRECTOBJECT.XDC
E:\GIT\IMAGE-CROPPER-FOR-COMPUTER-VISION\DIRECTX\DIRECTX\DEBUG\DIRECTUNKNOWN.OBJ
E:\GIT\IMAGE-CROPPER-FOR-COMPUTER-VISION\DIRECTX\DIRECTX\DEBUG\DIRECTUNKNOWN.XDC
E:\GIT\IMAGE-CROPPER-FOR-COMPUTER-VISION\DIRECTX\DIRECTX\DEBUG\DWRITEFACTORY.OBJ
E:\GIT\IMAGE-CROPPER-FOR-COMPUTER-VISION\DIRECTX\DIRECTX\DEBUG\DWRITEFACTORY.XDC
E:\GIT\IMAGE-CROPPER-FOR-COMPUTER-VISION\DIRECTX\DIRECTX\DEBUG\DWRITEFONT.OBJ
E:\GIT\IMAGE-CROPPER-FOR-COMPUTER-VISION\DIRECTX\DIRECTX\DEBUG\DWRITEFONT.XDC
E:\GIT\IMAGE-CROPPER-FOR-COMPUTER-VISION\DIRECTX\DIRECTX\DEBUG\DWRITEFONTFACE.OBJ
E:\GIT\IMAGE-CROPPER-FOR-COMPUTER-VISION\DIRECTX\DIRECTX\DEBUG\DWRITEFONTFACE.XDC
E:\GIT\IMAGE-CROPPER-FOR-COMPUTER-VISION\DIRECTX\DIRECTX\DEBUG\DWRITEFONTFAMILY.OBJ
E:\GIT\IMAGE-CROPPER-FOR-COMPUTER-VISION\DIRECTX\DIRECTX\DEBUG\DWRITEFONTFAMILY.XDC
E:\GIT\IMAGE-CROPPER-FOR-COMPUTER-VISION\DIRECTX\DIRECTX\DEBUG\DWRITEFONTFAMILYCOLLECTION.OBJ
E:\GIT\IMAGE-CROPPER-FOR-COMPUTER-VISION\DIRECTX\DIRECTX\DEBUG\DWRITEFONTFAMILYCOLLECTION.XDC
E:\GIT\IMAGE-CROPPER-FOR-COMPUTER-VISION\DIRECTX\DIRECTX\DEBUG\DWRITEINLINEOBJECT.OBJ
E:\GIT\IMAGE-CROPPER-FOR-COMPUTER-VISION\DIRECTX\DIRECTX\DEBUG\DWRITEINLINEOBJECT.XDC
E:\GIT\IMAGE-CROPPER-FOR-COMPUTER-VISION\DIRECTX\DIRECTX\DEBUG\DWRITERENDERINGPARAMS.OBJ
E:\GIT\IMAGE-CROPPER-FOR-COMPUTER-VISION\DIRECTX\DIRECTX\DEBUG\DWRITERENDERINGPARAMS.XDC
E:\GIT\IMAGE-CROPPER-FOR-COMPUTER-VISION\DIRECTX\DIRECTX\DEBUG\DWRITESTRUCTS.OBJ
E:\GIT\IMAGE-CROPPER-FOR-COMPUTER-VISION\DIRECTX\DIRECTX\DEBUG\DWRITESTRUCTS.XDC
E:\GIT\IMAGE-CROPPER-FOR-COMPUTER-VISION\DIRECTX\DIRECTX\DEBUG\DWRITETEXTFORMAT.OBJ
E:\GIT\IMAGE-CROPPER-FOR-COMPUTER-VISION\DIRECTX\DIRECTX\DEBUG\DWRITETEXTFORMAT.XDC
E:\GIT\IMAGE-CROPPER-FOR-COMPUTER-VISION\DIRECTX\DIRECTX\DEBUG\DWRITETEXTLAYOUT.OBJ
E:\GIT\IMAGE-CROPPER-FOR-COMPUTER-VISION\DIRECTX\DIRECTX\DEBUG\DWRITETEXTLAYOUT.XDC
E:\GIT\IMAGE-CROPPER-FOR-COMPUTER-VISION\DIRECTX\DIRECTX\DEBUG\DWRITETYPOGRAPHY.OBJ
E:\GIT\IMAGE-CROPPER-FOR-COMPUTER-VISION\DIRECTX\DIRECTX\DEBUG\DWRITETYPOGRAPHY.XDC
E:\GIT\IMAGE-CROPPER-FOR-COMPUTER-VISION\DIRECTX\DIRECTX\DEBUG\DWRITEUTILS.OBJ
E:\GIT\IMAGE-CROPPER-FOR-COMPUTER-VISION\DIRECTX\DIRECTX\DEBUG\DWRITEUTILS.XDC
E:\GIT\IMAGE-CROPPER-FOR-COMPUTER-VISION\DIRECTX\DIRECTX\DEBUG\DXGIADAPTER.OBJ
E:\GIT\IMAGE-CROPPER-FOR-COMPUTER-VISION\DIRECTX\DIRECTX\DEBUG\DXGIADAPTER.XDC
E:\GIT\IMAGE-CROPPER-FOR-COMPUTER-VISION\DIRECTX\DIRECTX\DEBUG\DXGIADAPTER1.OBJ
E:\GIT\IMAGE-CROPPER-FOR-COMPUTER-VISION\DIRECTX\DIRECTX\DEBUG\DXGIADAPTER1.XDC
E:\GIT\IMAGE-CROPPER-FOR-COMPUTER-VISION\DIRECTX\DIRECTX\DEBUG\DXGIDEVICE.OBJ
E:\GIT\IMAGE-CROPPER-FOR-COMPUTER-VISION\DIRECTX\DIRECTX\DEBUG\DXGIDEVICE.XDC
E:\GIT\IMAGE-CROPPER-FOR-COMPUTER-VISION\DIRECTX\DIRECTX\DEBUG\DXGIDEVICE1.OBJ
E:\GIT\IMAGE-CROPPER-FOR-COMPUTER-VISION\DIRECTX\DIRECTX\DEBUG\DXGIDEVICE1.XDC
E:\GIT\IMAGE-CROPPER-FOR-COMPUTER-VISION\DIRECTX\DIRECTX\DEBUG\DXGIDEVICESUBOBJECT.OBJ
E:\GIT\IMAGE-CROPPER-FOR-COMPUTER-VISION\DIRECTX\DIRECTX\DEBUG\DXGIDEVICESUBOBJECT.XDC
E:\GIT\IMAGE-CROPPER-FOR-COMPUTER-VISION\DIRECTX\DIRECTX\DEBUG\DXGIEXCEPTION.OBJ
E:\GIT\IMAGE-CROPPER-FOR-COMPUTER-VISION\DIRECTX\DIRECTX\DEBUG\DXGIEXCEPTION.XDC
E:\GIT\IMAGE-CROPPER-FOR-COMPUTER-VISION\DIRECTX\DIRECTX\DEBUG\DXGIFACTORY.OBJ
E:\GIT\IMAGE-CROPPER-FOR-COMPUTER-VISION\DIRECTX\DIRECTX\DEBUG\DXGIFACTORY.XDC
E:\GIT\IMAGE-CROPPER-FOR-COMPUTER-VISION\DIRECTX\DIRECTX\DEBUG\DXGIFACTORY1.OBJ
E:\GIT\IMAGE-CROPPER-FOR-COMPUTER-VISION\DIRECTX\DIRECTX\DEBUG\DXGIFACTORY1.XDC
E:\GIT\IMAGE-CROPPER-FOR-COMPUTER-VISION\DIRECTX\DIRECTX\DEBUG\DXGIKEYEDMUTEX.OBJ
E:\GIT\IMAGE-CROPPER-FOR-COMPUTER-VISION\DIRECTX\DIRECTX\DEBUG\DXGIKEYEDMUTEX.XDC
E:\GIT\IMAGE-CROPPER-FOR-COMPUTER-VISION\DIRECTX\DIRECTX\DEBUG\DXGIOBJECT.OBJ
E:\GIT\IMAGE-CROPPER-FOR-COMPUTER-VISION\DIRECTX\DIRECTX\DEBUG\DXGIOBJECT.XDC
E:\GIT\IMAGE-CROPPER-FOR-COMPUTER-VISION\DIRECTX\DIRECTX\DEBUG\DXGIOUTPUT.OBJ
E:\GIT\IMAGE-CROPPER-FOR-COMPUTER-VISION\DIRECTX\DIRECTX\DEBUG\DXGIOUTPUT.XDC
E:\GIT\IMAGE-CROPPER-FOR-COMPUTER-VISION\DIRECTX\DIRECTX\DEBUG\DXGIRESOURCE.OBJ
E:\GIT\IMAGE-CROPPER-FOR-COMPUTER-VISION\DIRECTX\DIRECTX\DEBUG\DXGIRESOURCE.XDC
E:\GIT\IMAGE-CROPPER-FOR-COMPUTER-VISION\DIRECTX\DIRECTX\DEBUG\DXGISTRUCTS.OBJ
E:\GIT\IMAGE-CROPPER-FOR-COMPUTER-VISION\DIRECTX\DIRECTX\DEBUG\DXGISTRUCTS.XDC
E:\GIT\IMAGE-CROPPER-FOR-COMPUTER-VISION\DIRECTX\DIRECTX\DEBUG\DXGISURFACE.OBJ
E:\GIT\IMAGE-CROPPER-FOR-COMPUTER-VISION\DIRECTX\DIRECTX\DEBUG\DXGISURFACE.XDC
E:\GIT\IMAGE-CROPPER-FOR-COMPUTER-VISION\DIRECTX\DIRECTX\DEBUG\DXGISURFACE1.OBJ
E:\GIT\IMAGE-CROPPER-FOR-COMPUTER-VISION\DIRECTX\DIRECTX\DEBUG\DXGISURFACE1.XDC
E:\GIT\IMAGE-CROPPER-FOR-COMPUTER-VISION\DIRECTX\DIRECTX\DEBUG\DXGISWAPCHAIN.OBJ
E:\GIT\IMAGE-CROPPER-FOR-COMPUTER-VISION\DIRECTX\DIRECTX\DEBUG\DXGISWAPCHAIN.XDC
E:\GIT\IMAGE-CROPPER-FOR-COMPUTER-VISION\DIRECTX\DIRECTX\DEBUG\GLOBALSUPPRESSIONS.OBJ
E:\GIT\IMAGE-CROPPER-FOR-COMPUTER-VISION\DIRECTX\DIRECTX\DEBUG\GLOBALSUPPRESSIONS.XDC
E:\GIT\IMAGE-CROPPER-FOR-COMPUTER-VISION\DIRECTX\DIRECTX\DEBUG\ICUSTOMINLINEOBJECT.OBJ
E:\GIT\IMAGE-CROPPER-FOR-COMPUTER-VISION\DIRECTX\DIRECTX\DEBUG\ICUSTOMINLINEOBJECT.XDC
E:\GIT\IMAGE-CROPPER-FOR-COMPUTER-VISION\DIRECTX\DIRECTX\DEBUG\LIBRARYLOADER.OBJ
E:\GIT\IMAGE-CROPPER-FOR-COMPUTER-VISION\DIRECTX\DIRECTX\DEBUG\LIBRARYLOADER.XDC
E:\Git\Image-Cropper-For-Computer-Vision\DirectX\DirectX\Debug\link.8088.read.1.tlog
E:\Git\Image-Cropper-For-Computer-Vision\DirectX\DirectX\Debug\link.8088.write.1.tlog
E:\Git\Image-Cropper-For-Computer-Vision\DirectX\DirectX\Debug\link.command.1.tlog
E:\Git\Image-Cropper-For-Computer-Vision\DirectX\DirectX\Debug\link.read.1.tlog
E:\Git\Image-Cropper-For-Computer-Vision\DirectX\DirectX\Debug\link.write.1.tlog
E:\Git\Image-Cropper-For-Computer-Vision\DirectX\DirectX\Debug\metagen.read.1.tlog
E:\Git\Image-Cropper-For-Computer-Vision\DirectX\DirectX\Debug\metagen.write.1.tlog
E:\GIT\IMAGE-CROPPER-FOR-COMPUTER-VISION\DIRECTX\DIRECTX\DEBUG\MICROSOFT.WINDOWSAPICODEPACK.DIRECTX.DLL.INTERMEDIATE.MANIFEST
E:\GIT\IMAGE-CROPPER-FOR-COMPUTER-VISION\DIRECTX\DIRECTX\DEBUG\MICROSOFT.WINDOWSAPICODEPACK.DIRECTX.PCH
E:\Git\Image-Cropper-For-Computer-Vision\DirectX\DirectX\Debug\Microsoft.WindowsAPICodePack.DirectX.write.1.tlog
E:\Git\Image-Cropper-For-Computer-Vision\DirectX\DirectX\Debug\MSXML6R.DLL.bi
E:\Git\Image-Cropper-For-Computer-Vision\DirectX\DirectX\Debug\mt.command.1.tlog
E:\Git\Image-Cropper-For-Computer-Vision\DirectX\DirectX\Debug\mt.read.1.tlog
E:\Git\Image-Cropper-For-Computer-Vision\DirectX\DirectX\Debug\mt.write.1.tlog
E:\GIT\IMAGE-CROPPER-FOR-COMPUTER-VISION\DIRECTX\DIRECTX\DEBUG\STDAFX.OBJ
E:\GIT\IMAGE-CROPPER-FOR-COMPUTER-VISION\DIRECTX\DIRECTX\DEBUG\STDAFX.XDC
E:\Git\Image-Cropper-For-Computer-Vision\DirectX\DirectX\Debug\TZRES.DLL.bi
E:\GIT\IMAGE-CROPPER-FOR-COMPUTER-VISION\DIRECTX\DIRECTX\DEBUG\VALIDATE.OBJ
E:\GIT\IMAGE-CROPPER-FOR-COMPUTER-VISION\DIRECTX\DIRECTX\DEBUG\VALIDATE.XDC
E:\GIT\IMAGE-CROPPER-FOR-COMPUTER-VISION\DIRECTX\DIRECTX\DEBUG\VC100.PDB
E:\GIT\IMAGE-CROPPER-FOR-COMPUTER-VISION\DIRECTX\DIRECTX\DEBUG\WICBITMAP.OBJ
E:\GIT\IMAGE-CROPPER-FOR-COMPUTER-VISION\DIRECTX\DIRECTX\DEBUG\WICBITMAP.XDC
E:\GIT\IMAGE-CROPPER-FOR-COMPUTER-VISION\DIRECTX\DIRECTX\DEBUG\WICBITMAPDECODER.OBJ
E:\GIT\IMAGE-CROPPER-FOR-COMPUTER-VISION\DIRECTX\DIRECTX\DEBUG\WICBITMAPDECODER.XDC
E:\GIT\IMAGE-CROPPER-FOR-COMPUTER-VISION\DIRECTX\DIRECTX\DEBUG\WICBITMAPFRAMEDECODE.OBJ
E:\GIT\IMAGE-CROPPER-FOR-COMPUTER-VISION\DIRECTX\DIRECTX\DEBUG\WICBITMAPFRAMEDECODE.XDC
E:\GIT\IMAGE-CROPPER-FOR-COMPUTER-VISION\DIRECTX\DIRECTX\DEBUG\WICBITMAPLOCK.OBJ
E:\GIT\IMAGE-CROPPER-FOR-COMPUTER-VISION\DIRECTX\DIRECTX\DEBUG\WICBITMAPLOCK.XDC
E:\GIT\IMAGE-CROPPER-FOR-COMPUTER-VISION\DIRECTX\DIRECTX\DEBUG\WICBITMAPSOURCE.OBJ
E:\GIT\IMAGE-CROPPER-FOR-COMPUTER-VISION\DIRECTX\DIRECTX\DEBUG\WICBITMAPSOURCE.XDC
E:\GIT\IMAGE-CROPPER-FOR-COMPUTER-VISION\DIRECTX\DIRECTX\DEBUG\WICFORMATCONVERTER.OBJ
E:\GIT\IMAGE-CROPPER-FOR-COMPUTER-VISION\DIRECTX\DIRECTX\DEBUG\WICFORMATCONVERTER.XDC
E:\GIT\IMAGE-CROPPER-FOR-COMPUTER-VISION\DIRECTX\DIRECTX\DEBUG\WICIMAGINGFACTORY.OBJ
E:\GIT\IMAGE-CROPPER-FOR-COMPUTER-VISION\DIRECTX\DIRECTX\DEBUG\WICIMAGINGFACTORY.XDC
E:\GIT\IMAGE-CROPPER-FOR-COMPUTER-VISION\DIRECTX\DIRECTX\DEBUG\WICSTREAMWRAPPER.OBJ
E:\GIT\IMAGE-CROPPER-FOR-COMPUTER-VISION\DIRECTX\DIRECTX\DEBUG\WICSTREAMWRAPPER.XDC
E:\Git\Image-Cropper-For-Computer-Vision\DirectX\DirectX\Debug\XDCMake.command.1.tlog
E:\Git\Image-Cropper-For-Computer-Vision\DirectX\DirectX\Debug\xdcmake.read.1.tlog
E:\Git\Image-Cropper-For-Computer-Vision\DirectX\DirectX\Debug\xdcmake.write.1.tlog
